<?xml version="1.0" encoding="UTF-8"?>
<!-- Generated by org.testng.reporters.JUnitReportReporter -->
<testsuite hostname="5CD110DG33" failures="0" tests="2" name="com.softserve.Main" time="1.713" errors="0" timestamp="2022-07-17T19:44:34 EEST" skipped="0">
  <testcase classname="com.softserve.Main" name="test2" time="0.175"/>
  <system-out/>
  <testcase classname="com.softserve.Main" name="test1" time="1.538"/>
  <system-out/>
</testsuite> <!-- com.softserve.Main -->
